<?xml version="1.0" encoding="UTF-8"?>
<testsuite name="com.simple.web.HelloTests" tests="2" skipped="0" failures="0" errors="0" timestamp="2025-08-11T15:00:09.301Z" hostname="LABPC" time="0.049">
  <properties/>
  <testcase name="testHello()" classname="com.simple.web.HelloTests" time="0.03"/>
  <testcase name="testCustomer()" classname="com.simple.web.HelloTests" time="0.016"/>
  <system-out><![CDATA[]]></system-out>
  <system-err><![CDATA[]]></system-err>
</testsuite>
